blastn -query C:\Users\auggi\Desktop\lib\dbEsslnc\blast\temp\bUKM1e2B.fasta -out C:\Users\auggi\Desktop\lib\dbEsslnc\blast\temp\PeUu6Kcy.txt -db C:\Users\auggi\Desktop\lib\dbEsslnc\blast\lncrna\lncRNA2.fasta -outfmt "6 qseqid sseqid pident length evalue bitscore " -evalue 1e-7 -word_size 11
[
  'TCONS_00106247\tNONHSAT083036.2\t100.000\t703\t0.0\t1299\r',
  'TCONS_00106247\tTCONS_00106247|HSALNT0274797\t100.000\t703\t0.0\t1299\r',
  'TCONS_00106247\tNONHSAT083036.2\t100.000\t703\t0.0\t1299\r',
  'TCONS_00106247\tTCONS_00106245\t98.785\t247\t4.14e-122\t438\r',
  'TCONS_00106247\tNONHSAT083040.2\t100.000\t223\t2.51e-114\t412\r',
  'TCONS_00106247\tNONHSAT083037.2\t98.712\t233\t2.51e-114\t412\r',
  'TCONS_00106247\tNONHSAT083037.2\t87.135\t171\t1.28e-47\t191\r',
  'TCONS_00106247\tNONHSAT083037.2\t79.275\t193\t2.83e-29\t130\r',
  'TCONS_00106247\tNONHSAT083037.2\t77.295\t207\t1.02e-23\t111\r',
  'TCONS_00106247\tNONHSAT083037.2\t77.401\t177\t7.98e-20\t99.0\r',
  'TCONS_00106247\tNONHSAT083040.2\t100.000\t223\t2.51e-114\t412\r',
  'TCONS_00106247\tNONHSAT083037.2\t98.712\t233\t2.51e-114\t412\r',
  'TCONS_00106247\tNONHSAT083037.2\t87.135\t171\t1.28e-47\t191\r',
  'TCONS_00106247\tNONHSAT083037.2\t79.275\t193\t2.83e-29\t130\r',
  'TCONS_00106247\tNONHSAT083037.2\t77.295\t207\t1.02e-23\t111\r',
  'TCONS_00106247\tNONHSAT083037.2\t77.401\t177\t7.98e-20\t99.0\r',
  'TCONS_00106247\tNONHSAT083041.2\t100.000\t222\t9.02e-114\t411\r',
  'TCONS_00106247\tNONHSAT083041.2\t100.000\t222\t9.02e-114\t411\r',
  'TCONS_00106247\tTCONS_00106251|HSALNT0404720\t100.000\t214\t2.53e-109\t396\r',
  'TCONS_00106247\tTCONS_00106252\t100.000\t209\t1.52e-106\t387\r',
  'TCONS_00106247\tNONHSAT191612.1\t100.000\t189\t1.99e-95\t350\r',
  'TCONS_00106247\tNONHSAT244400.1\t98.485\t198\t7.18e-95\t348\r',
  'TCONS_00106247\tNONHSAT244400.1\t87.135\t171\t1.28e-47\t191\r',
  'TCONS_00106247\tNONHSAT244400.1\t79.275\t193\t2.83e-29\t130\r',
  'TCONS_00106247\tNONHSAT244400.1\t77.295\t207\t1.02e-23\t111\r',
  'TCONS_00106247\tNONHSAT244400.1\t77.401\t177\t7.98e-20\t99.0\r',
  'TCONS_00106247\tNONHSAT244400.1\t100.000\t37\t6.26e-11\t69.4\r',
  'TCONS_00106247\tNONHSAT244399.1\t98.485\t198\t7.18e-95\t348\r',
  'TCONS_00106247\tNONHSAT244399.1\t87.135\t171\t1.28e-47\t191\r',
  'TCONS_00106247\tNONHSAT244399.1\t79.275\t193\t2.83e-29\t130\r',
  'TCONS_00106247\tNONHSAT244399.1\t77.295\t207\t1.02e-23\t111\r',
  'TCONS_00106247\tNONHSAT244399.1\t77.401\t177\t7.98e-20\t99.0\r',
  'TCONS_00106247\tNONHSAT244399.1\t100.000\t38\t1.74e-11\t71.3\r',
  'TCONS_00106247\tNONHSAT083039.2\t100.000\t188\t7.18e-95\t348\r',
  'TCONS_00106247\tNONHSAT083039.2\t100.000\t36\t2.25e-10\t67.6\r',
  'TCONS_00106247\tNONHSAT083038.2\t100.000\t188\t7.18e-95\t348\r',
  'TCONS_00106247\tNONHSAT083038.2\t100.000\t37\t6.26e-11\t69.4\r',
  'TCONS_00106247\tTCONS_00106250|HSALNT0404719\t100.000\t188\t7.18e-95\t348\r',
  'TCONS_00106247\tTCONS_00106250|HSALNT0404719\t100.000\t33\t1.05e-08\t62.1\r',
  'TCONS_00106247\tTCONS_00106249|HSALNT0404709\t100.000\t188\t7.18e-95\t348\r',
  'TCONS_00106247\tTCONS_00106249|HSALNT0404709\t100.000\t37\t6.26e-11\t69.4\r',
  'TCONS_00106247\tNONHSAT083039.2\t100.000\t188\t7.18e-95\t348\r',
  'TCONS_00106247\tNONHSAT083039.2\t100.000\t36\t2.25e-10\t67.6\r',
  'TCONS_00106247\tNONHSAT083038.2\t100.000\t188\t7.18e-95\t348\r',
  'TCONS_00106247\tNONHSAT083038.2\t100.000\t37\t6.26e-11\t69.4\r',
  'TCONS_00106247\tNONHSAT244400.1\t98.485\t198\t7.18e-95\t348\r',
  'TCONS_00106247\tNONHSAT244400.1\t87.135\t171\t1.28e-47\t191\r',
  'TCONS_00106247\tNONHSAT244400.1\t79.275\t193\t2.83e-29\t130\r',
  'TCONS_00106247\tNONHSAT244400.1\t77.295\t207\t1.02e-23\t111\r',
  'TCONS_00106247\tNONHSAT244400.1\t77.401\t177\t7.98e-20\t99.0\r',
  'TCONS_00106247\tNONHSAT244400.1\t100.000\t37\t6.26e-11\t69.4\r',
  'TCONS_00106247\tNONHSAT244399.1\t98.485\t198\t7.18e-95\t348\r',
  'TCONS_00106247\tNONHSAT244399.1\t87.135\t171\t1.28e-47\t191\r',
  'TCONS_00106247\tNONHSAT244399.1\t79.275\t193\t2.83e-29\t130\r',
  'TCONS_00106247\tNONHSAT244399.1\t77.295\t207\t1.02e-23\t111\r',
  'TCONS_00106247\tNONHSAT244399.1\t77.401\t177\t7.98e-20\t99.0\r',
  'TCONS_00106247\tNONHSAT244399.1\t100.000\t38\t1.74e-11\t71.3\r',
  'TCONS_00106247\tNONHSAT083046.2\t100.000\t187\t2.58e-94\t346\r',
  'TCONS_00106247\tNONHSAT083046.2\t78.409\t176\t3.69e-23\t110\r',
  'TCONS_00106247\tNONHSAT083046.2\t100.000\t187\t2.58e-94\t346\r',
  'TCONS_00106247\tNONHSAT083046.2\t78.409\t176\t3.69e-23\t110\r',
  'TCONS_00106247\tNONHSAT191112.1\t100.000\t186\t9.28e-94\t344\r',
  'TCONS_00106247\tNONHSAT191112.1\t100.000\t36\t2.25e-10\t67.6\r',
  'TCONS_00106247\tNONHSAT083043.2\t100.000\t186\t9.28e-94\t344\r',
  'TCONS_00106247\tNONHSAT083043.2\t100.000\t36\t2.25e-10\t67.6\r',
  'TCONS_00106247\tNONHSAT083042.2\t100.000\t186\t9.28e-94\t344\r',
  'TCONS_00106247\tTCONS_00106246\t100.000\t186\t9.28e-94\t344\r',
  'TCONS_00106247\tTCONS_00106246\t100.000\t50\t3.71e-18\t93.5\r',
  'TCONS_00106247\tNONHSAT083043.2\t100.000\t186\t9.28e-94\t344\r',
  'TCONS_00106247\tNONHSAT083043.2\t100.000\t36\t2.25e-10\t67.6\r',
  'TCONS_00106247\tNONHSAT083042.2\t100.000\t186\t9.28e-94\t344\r',
  'TCONS_00106247\tNONHSAT191112.1\t100.000\t186\t9.28e-94\t344\r',
  'TCONS_00106247\tNONHSAT191112.1\t100.000\t36\t2.25e-10\t67.6\r',
  'TCONS_00106247\tNONHSAT083044.2\t100.000\t185\t3.34e-93\t342\r',
  'TCONS_00106247\tNONHSAT083044.2\t100.000\t36\t2.25e-10\t67.6\r',
  'TCONS_00106247\tTCONS_00106254|HSALNT0404721\t100.000\t185\t3.34e-93\t342\r',
  'TCONS_00106247\tNONHSAT083044.2\t100.000\t185\t3.34e-93\t342\r',
  'TCONS_00106247\tNONHSAT083044.2\t100.000\t36\t2.25e-10\t67.6\r',
  'TCONS_00106247\tHSALNT0329515\t93.868\t212\t1.56e-86\t320\r',
  'TCONS_00106247\tHSALNT0329515\t86.124\t209\t4.54e-57\t222\r',
  'TCONS_00106247\tHSALNT0391763\t94.175\t206\t7.28e-85\t315\r',
  'TCONS_00106247\tTCONS_00009053|HSALNT0002659\t93.365\t211\t9.41e-84\t311\r',
  'TCONS_00106247\tNONHSAT005531.2\t92.593\t216\t3.39e-83\t309\r',
  'TCONS_00106247\tNONHSAT005531.2\t86.022\t186\t7.65e-50\t198\r',
  'TCONS_00106247\tNONHSAT005531.2\t80.714\t140\t4.77e-22\t106\r',
  'TCONS_00106247\tNONHSAT005531.2\t85.263\t95\t1.03e-18\t95.3\r',
  'TCONS_00106247\tNONHSAT005531.2\t76.271\t177\t8.04e-15\t82.4\r',
  'TCONS_00106247\tHSALNT0294988\t92.593\t216\t3.39e-83\t309\r',
  'TCONS_00106247\tHSALNT0294988\t86.022\t186\t7.65e-50\t198\r',
  'TCONS_00106247\tHSALNT0294988\t80.714\t140\t4.77e-22\t106\r',
  'TCONS_00106247\tHSALNT0294988\t85.263\t95\t1.03e-18\t95.3\r',
  'TCONS_00106247\tHSALNT0294988\t76.271\t177\t8.04e-15\t82.4\r',
  'TCONS_00106247\tHSALNT0340418\t92.925\t212\t1.22e-82\t307\r',
  'TCONS_00106247\tHSALNT0340418\t82.075\t212\t9.96e-44\t178\r',
  'TCONS_00106247\tHSALNT0340418\t83.598\t189\t1.29e-42\t174\r',
  'TCONS_00106247\tHSALNT0340418\t80.861\t209\t3.61e-38\t159\r',
  'TCONS_00106247\tHSALNT0340418\t76.884\t199\t1.33e-22\t108\r',
  'TCONS_00106247\tNONHSAT259301.1\t92.925\t212\t1.22e-82\t307\r',
  'TCONS_00106247\tNONHSAT259301.1\t91.388\t209\t5.71e-76\t285\r',
  'TCONS_00106247\tNONHSAT259301.1\t90.610\t213\t2.65e-74\t279\r',
  ... 2598 more items
]
